<?xml version="1.0" encoding="UTF-8"?>
<testsuite name="HealthConnectPractice_3Test" tests="1" skipped="0" failures="0" errors="0" timestamp="2021-04-22T18:56:54" hostname="SETHSDESKTOP" time="0.013">
  <properties/>
  <testcase name="testMain()" classname="HealthConnectPractice_3Test" time="0.013"/>
  <system-out><![CDATA[Username = stg
Password = 1234
Username = drstg
Password = 1234
]]></system-out>
  <system-err><![CDATA[]]></system-err>
</testsuite>
