<?xml version="1.0" encoding="UTF-8"?>
<testsuite name="NewRequestsTests" tests="6" skipped="0" failures="0" errors="0" timestamp="2021-03-08T23:01:08" hostname="SETHSDESKTOP" time="0.048">
  <properties/>
  <testcase name="createButtonActionPerformedInvalid(String)[1]" classname="NewRequestsTests" time="0.033"/>
  <testcase name="createButtonActionPerformedInvalid(String)[2]" classname="NewRequestsTests" time="0.001"/>
  <testcase name="createButtonActionPerformedInvalid(String)[3]" classname="NewRequestsTests" time="0.001"/>
  <testcase name="createButtonActionPerformedInvalid(String)[4]" classname="NewRequestsTests" time="0.001"/>
  <testcase name="createButtonActionPerformedInvalid(String)[5]" classname="NewRequestsTests" time="0.001"/>
  <testcase name="createButtonActionPerformedInvalid(String)[6]" classname="NewRequestsTests" time="0.001"/>
  <system-out><![CDATA[]]></system-out>
  <system-err><![CDATA[]]></system-err>
</testsuite>
