<?xml version="1.0" encoding="UTF-8"?>
<testsuite name="RequestConversationTest" tests="16" skipped="0" failures="0" errors="0" timestamp="2021-04-22T12:42:29" hostname="SETHSDESKTOP" time="32.185">
  <properties/>
  <testcase name="addButtonActionPerformedPatientNullRequest()" classname="RequestConversationTest" time="4.956"/>
  <testcase name="requestConversationIsDoctor()" classname="RequestConversationTest" time="0.082"/>
  <testcase name="requestConversationPassed()" classname="RequestConversationTest" time="0.067"/>
  <testcase name="closeButtonActionPerformedFailedDoctor()" classname="RequestConversationTest" time="2.01"/>
  <testcase name="closeButtonActionPerformedFailedPatient()" classname="RequestConversationTest" time="1.11"/>
  <testcase name="addButtonActionPerformedClosedRequest()" classname="RequestConversationTest" time="3.227"/>
  <testcase name="addButtonActionPerformedPatientFailed()" classname="RequestConversationTest" time="1.736"/>
  <testcase name="testMain()" classname="RequestConversationTest" time="0.116"/>
  <testcase name="addButtonActionPerformedPatientPassed()" classname="RequestConversationTest" time="4.607"/>
  <testcase name="addButtonActionPerformedDoctorNullRequest()" classname="RequestConversationTest" time="2.947"/>
  <testcase name="addButtonActionPerformedDoctorNonNullRequest()" classname="RequestConversationTest" time="2.09"/>
  <testcase name="backButtonActionPerformedDoctor()" classname="RequestConversationTest" time="0.175"/>
  <testcase name="closeButtonActionPerformedPassedPatient()" classname="RequestConversationTest" time="2.237"/>
  <testcase name="requestConversationFailed()" classname="RequestConversationTest" time="1.856"/>
  <testcase name="backButtonActionPerformedPatient()" classname="RequestConversationTest" time="0.16"/>
  <testcase name="closeButtonActionPerformedPassedDoctor()" classname="RequestConversationTest" time="4.806"/>
  <system-out><![CDATA[Connection to database has been established.
true
true
false
true
false
false
false
true
false
true
false
]]></system-out>
  <system-err><![CDATA[]]></system-err>
</testsuite>
