<?xml version="1.0" encoding="UTF-8"?>
<testsuite name="RequestConversationTest" tests="16" skipped="0" failures="0" errors="0" timestamp="2021-04-22T18:56:19" hostname="SETHSDESKTOP" time="25.271">
  <properties/>
  <testcase name="addButtonActionPerformedPatientNullRequest()" classname="RequestConversationTest" time="4.557"/>
  <testcase name="requestConversationIsDoctor()" classname="RequestConversationTest" time="0.072"/>
  <testcase name="requestConversationPassed()" classname="RequestConversationTest" time="0.063"/>
  <testcase name="closeButtonActionPerformedFailedDoctor()" classname="RequestConversationTest" time="1.524"/>
  <testcase name="closeButtonActionPerformedFailedPatient()" classname="RequestConversationTest" time="2.07"/>
  <testcase name="addButtonActionPerformedClosedRequest()" classname="RequestConversationTest" time="2.231"/>
  <testcase name="addButtonActionPerformedPatientFailed()" classname="RequestConversationTest" time="2.493"/>
  <testcase name="testMain()" classname="RequestConversationTest" time="0.113"/>
  <testcase name="addButtonActionPerformedPatientPassed()" classname="RequestConversationTest" time="2.513"/>
  <testcase name="addButtonActionPerformedDoctorNullRequest()" classname="RequestConversationTest" time="2.787"/>
  <testcase name="addButtonActionPerformedDoctorNonNullRequest()" classname="RequestConversationTest" time="1.561"/>
  <testcase name="backButtonActionPerformedDoctor()" classname="RequestConversationTest" time="0.179"/>
  <testcase name="closeButtonActionPerformedPassedPatient()" classname="RequestConversationTest" time="1.943"/>
  <testcase name="requestConversationFailed()" classname="RequestConversationTest" time="1.158"/>
  <testcase name="backButtonActionPerformedPatient()" classname="RequestConversationTest" time="0.166"/>
  <testcase name="closeButtonActionPerformedPassedDoctor()" classname="RequestConversationTest" time="1.836"/>
  <system-out><![CDATA[Connection to database has been established.
true
true
false
true
false
false
false
true
false
true
false
]]></system-out>
  <system-err><![CDATA[]]></system-err>
</testsuite>
