<?xml version="1.0" encoding="UTF-8"?>
<testsuite name="NewJFrameTest" tests="1" skipped="0" failures="0" errors="0" timestamp="2021-04-05T02:53:39" hostname="SETHSDESKTOP" time="0.337">
  <properties/>
  <testcase name="getSetUsername()" classname="NewJFrameTest" time="0.337"/>
  <system-out><![CDATA[Seth

]]></system-out>
  <system-err><![CDATA[]]></system-err>
</testsuite>
