<?xml version="1.0" encoding="UTF-8"?>
<testsuite name="PatientViewTest" tests="14" skipped="0" failures="0" errors="0" timestamp="2021-04-22T12:43:21" hostname="SETHSDESKTOP" time="5.991">
  <properties/>
  <testcase name="openSelectedButtonActionPerformedFailed()" classname="PatientViewTest" time="2.088"/>
  <testcase name="testMain()" classname="PatientViewTest" time="0.058"/>
  <testcase name="openSelectedButtonActionPerformedPassed()" classname="PatientViewTest" time="0.228"/>
  <testcase name="initComponentsPassed()" classname="PatientViewTest" time="0.058"/>
  <testcase name="backButtonPressed()" classname="PatientViewTest" time="0.137"/>
  <testcase name="getSetRID()" classname="PatientViewTest" time="0.051"/>
  <testcase name="closeRequestButtonActionPerformedFailed()" classname="PatientViewTest" time="0.81"/>
  <testcase name="newRequestButtonActionPerformedFailed()" classname="PatientViewTest" time="0.981"/>
  <testcase name="closeRequestButtonActionPerformedPassed()" classname="PatientViewTest" time="0.117"/>
  <testcase name="newRequestButtonActionPerformedPassed()" classname="PatientViewTest" time="0.124"/>
  <testcase name="inProgressButtonActionPerformedFailed()" classname="PatientViewTest" time="1.078"/>
  <testcase name="inProgressButtonActionPerformedPassed()" classname="PatientViewTest" time="0.131"/>
  <testcase name="getUserType()" classname="PatientViewTest" time="0.063"/>
  <testcase name="getUsername()" classname="PatientViewTest" time="0.063"/>
  <system-out><![CDATA[false
false
true
true
false
true
]]></system-out>
  <system-err><![CDATA[]]></system-err>
</testsuite>
