<?xml version="1.0" encoding="UTF-8"?>
<testsuite name="PatientViewTest" tests="14" skipped="0" failures="0" errors="0" timestamp="2021-04-22T14:14:39" hostname="SETHSDESKTOP" time="6.496">
  <properties/>
  <testcase name="openSelectedButtonActionPerformedFailed()" classname="PatientViewTest" time="2.72"/>
  <testcase name="testMain()" classname="PatientViewTest" time="0.06"/>
  <testcase name="openSelectedButtonActionPerformedPassed()" classname="PatientViewTest" time="0.21"/>
  <testcase name="initComponentsPassed()" classname="PatientViewTest" time="0.068"/>
  <testcase name="backButtonPressed()" classname="PatientViewTest" time="0.144"/>
  <testcase name="getSetRID()" classname="PatientViewTest" time="0.062"/>
  <testcase name="closeRequestButtonActionPerformedFailed()" classname="PatientViewTest" time="1.296"/>
  <testcase name="newRequestButtonActionPerformedFailed()" classname="PatientViewTest" time="0.697"/>
  <testcase name="closeRequestButtonActionPerformedPassed()" classname="PatientViewTest" time="0.134"/>
  <testcase name="newRequestButtonActionPerformedPassed()" classname="PatientViewTest" time="0.129"/>
  <testcase name="inProgressButtonActionPerformedFailed()" classname="PatientViewTest" time="0.73"/>
  <testcase name="inProgressButtonActionPerformedPassed()" classname="PatientViewTest" time="0.122"/>
  <testcase name="getUserType()" classname="PatientViewTest" time="0.059"/>
  <testcase name="getUsername()" classname="PatientViewTest" time="0.063"/>
  <system-out><![CDATA[false
false
true
true
false
true
]]></system-out>
  <system-err><![CDATA[]]></system-err>
</testsuite>
