<?xml version="1.0" encoding="UTF-8"?>
<testsuite name="NewJFrameTest" tests="9" skipped="0" failures="0" errors="0" timestamp="2021-04-06T22:56:46" hostname="LAPTOP-OBBMJB27" time="2.139">
  <properties/>
  <testcase name="loginAsDoctorActionPerformedFail()" classname="NewJFrameTest" time="0.985"/>
  <testcase name="loginAsDoctorActionPerformedPass()" classname="NewJFrameTest" time="0.107"/>
  <testcase name="testMain()" classname="NewJFrameTest" time="0.011"/>
  <testcase name="txt_passwordActionPerformed()" classname="NewJFrameTest" time="0.037"/>
  <testcase name="loginAsPatientActionPerformedPassed()" classname="NewJFrameTest" time="0.11"/>
  <testcase name="initComponents()" classname="NewJFrameTest" time="0.015"/>
  <testcase name="testGetUsername()" classname="NewJFrameTest" time="0.012"/>
  <testcase name="txt_usernameActionPerformed()" classname="NewJFrameTest" time="0.013"/>
  <testcase name="loginAsPatientActionPerformedFail()" classname="NewJFrameTest" time="0.845"/>
  <system-out><![CDATA[false
true
true
false
]]></system-out>
  <system-err><![CDATA[]]></system-err>
</testsuite>
