<?xml version="1.0" encoding="UTF-8"?>
<testsuite name="ProfileTest" tests="5" skipped="0" failures="0" errors="0" timestamp="2021-04-22T12:43:27" hostname="SETHSDESKTOP" time="3.842">
  <properties/>
  <testcase name="testMain()" classname="ProfileTest" time="0.007"/>
  <testcase name="logoutActionPerformedFailed()" classname="ProfileTest" time="2.442"/>
  <testcase name="logoutActionPerformedPassed()" classname="ProfileTest" time="1.22"/>
  <testcase name="makeRequestButtonActionPerformed()" classname="ProfileTest" time="0.087"/>
  <testcase name="viewRequestButtonActionPerformed()" classname="ProfileTest" time="0.085"/>
  <system-out><![CDATA[]]></system-out>
  <system-err><![CDATA[]]></system-err>
</testsuite>
