<?xml version="1.0" encoding="UTF-8"?>
<testsuite name="NewJFrameTest" tests="9" skipped="0" failures="0" errors="0" timestamp="2021-04-22T14:14:30" hostname="SETHSDESKTOP" time="2.751">
  <properties/>
  <testcase name="loginAsDoctorActionPerformedFail()" classname="NewJFrameTest" time="1.623"/>
  <testcase name="loginAsDoctorActionPerformedPass()" classname="NewJFrameTest" time="0.13"/>
  <testcase name="testMain()" classname="NewJFrameTest" time="0.015"/>
  <testcase name="txt_passwordActionPerformed()" classname="NewJFrameTest" time="0.031"/>
  <testcase name="loginAsPatientActionPerformedPassed()" classname="NewJFrameTest" time="0.144"/>
  <testcase name="initComponents()" classname="NewJFrameTest" time="0.021"/>
  <testcase name="testGetUsername()" classname="NewJFrameTest" time="0.02"/>
  <testcase name="txt_usernameActionPerformed()" classname="NewJFrameTest" time="0.018"/>
  <testcase name="loginAsPatientActionPerformedFail()" classname="NewJFrameTest" time="0.747"/>
  <system-out><![CDATA[false
true
true
false
]]></system-out>
  <system-err><![CDATA[]]></system-err>
</testsuite>
